2026-01-10 16:34:10,499 - INFO - 成功加载图标: H:\pycharm_project\PI-MAPP\project\video_tools\img2gif\img\app.ico
2026-01-10 16:34:10,758 - INFO - 图片转GIF工具启动
2026-01-10 16:34:39,791 - INFO - 添加了 4 张图片
2026-01-10 16:35:03,930 - INFO - 成功加载图标: H:\pycharm_project\PI-MAPP\project\video_tools\img2gif\img\app.ico
2026-01-10 16:35:04,294 - INFO - 图片转GIF工具启动
2026-01-10 16:35:21,643 - INFO - 添加了 3 张图片
2026-01-10 16:35:24,023 - INFO - 开始转换GIF，共 3 张图片
2026-01-10 16:35:24,092 - INFO - 转换参数 - 每帧持续时间: 500ms, 尺寸比例: 100%
2026-01-10 16:35:25,120 - INFO - GIF转换完成，临时文件: C:\Users\pc\AppData\Local\Temp\tmpy83sd9ze.gif, 大小: 6.13 MB
2026-01-10 16:35:33,674 - INFO - 开始转换GIF，共 3 张图片
2026-01-10 16:35:33,678 - INFO - 转换参数 - 每帧持续时间: 500ms, 尺寸比例: 41%
2026-01-10 16:35:34,268 - INFO - GIF转换完成，临时文件: C:\Users\pc\AppData\Local\Temp\tmpdns5lvm6.gif, 大小: 1.19 MB
2026-01-10 16:36:21,997 - INFO - GIF保存成功，路径: I:/研究生成长记录/简历/me/output1.gif, 大小: 1.19 MB
2026-01-10 16:36:23,094 - INFO - 临时文件已清理: C:\Users\pc\AppData\Local\Temp\tmpdns5lvm6.gif
2026-01-10 16:37:11,327 - INFO - 开始转换GIF，共 3 张图片
2026-01-10 16:37:11,329 - INFO - 转换参数 - 每帧持续时间: 500ms, 尺寸比例: 41%
2026-01-10 16:37:11,897 - INFO - GIF转换完成，临时文件: C:\Users\pc\AppData\Local\Temp\tmp3dkt5j4d.gif, 大小: 1.19 MB
2026-01-10 16:44:45,918 - INFO - 成功加载图标: H:\pycharm_project\PI-MAPP\project\video_tools\img2gif\img\app.ico
2026-01-10 16:44:46,126 - INFO - 图片转GIF工具启动
2026-01-10 16:45:11,314 - INFO - 添加了 4 张图片
2026-01-10 16:45:14,720 - INFO - 开始转换GIF，共 4 张图片
2026-01-10 16:45:14,789 - INFO - 转换参数 - 每帧持续时间: 500ms, 尺寸比例: 100%
2026-01-10 16:45:16,125 - INFO - GIF转换完成，临时文件: C:\Users\pc\AppData\Local\Temp\tmpqnj0rq6d.gif, 大小: 8.17 MB
2026-01-10 16:45:22,673 - INFO - 开始转换GIF，共 4 张图片
2026-01-10 16:45:22,674 - INFO - 转换参数 - 每帧持续时间: 500ms, 尺寸比例: 100%
2026-01-10 16:45:24,015 - INFO - GIF转换完成，临时文件: C:\Users\pc\AppData\Local\Temp\tmpx06qx40u.gif, 大小: 8.17 MB
2026-01-10 16:45:35,732 - INFO - 开始转换GIF，共 4 张图片
2026-01-10 16:45:35,735 - INFO - 转换参数 - 每帧持续时间: 500ms, 尺寸比例: 32%
2026-01-10 16:45:36,357 - INFO - GIF转换完成，临时文件: C:\Users\pc\AppData\Local\Temp\tmpv7j1qw1p.gif, 大小: 0.98 MB
2026-01-10 16:48:57,058 - INFO - 成功加载图标: H:\pycharm_project\PI-MAPP\project\video_tools\img2gif\img\app.ico
2026-01-10 16:48:57,421 - INFO - 图片转GIF工具启动
2026-01-10 16:49:05,675 - INFO - 添加了 4 张图片
2026-01-10 16:49:07,651 - INFO - 开始转换GIF，共 4 张图片
2026-01-10 16:49:07,720 - INFO - 转换参数 - 每帧持续时间: 500ms, 尺寸比例: 100%
2026-01-10 16:49:09,087 - INFO - GIF转换完成，临时文件: C:\Users\pc\AppData\Local\Temp\tmpsfwyxusy.gif, 大小: 8.17 MB
2026-01-10 16:49:15,798 - INFO - 开始转换GIF，共 4 张图片
2026-01-10 16:49:15,799 - INFO - 转换参数 - 每帧持续时间: 500ms, 尺寸比例: 28%
2026-01-10 16:49:16,458 - INFO - GIF转换完成，临时文件: C:\Users\pc\AppData\Local\Temp\tmp7qtwqmkv.gif, 大小: 0.77 MB
2026-01-10 16:49:27,937 - INFO - GIF保存成功，路径: I:/研究生成长记录/简历/me/output.gif, 大小: 0.77 MB
2026-01-10 16:49:28,866 - INFO - 临时文件已清理: C:\Users\pc\AppData\Local\Temp\tmp7qtwqmkv.gif
2026-01-10 16:59:20,717 - INFO - 成功加载图标: H:\pycharm_project\PI-MAPP\project\video_tools\img2gif\img\app.ico
2026-01-10 16:59:20,948 - INFO - 图片转GIF工具启动
2026-01-10 16:59:55,007 - INFO - 添加了 4 张图片
2026-01-10 17:00:18,823 - INFO - 开始转换GIF，共 4 张图片
2026-01-10 17:00:18,826 - INFO - 转换参数 - 每帧持续时间: 500ms, 尺寸比例: 100%
2026-01-10 17:00:20,213 - INFO - GIF转换完成，临时文件: C:\Users\pc\AppData\Local\Temp\tmpqq_i88tm.gif, 大小: 8.17 MB
2026-01-10 17:00:29,848 - INFO - 开始转换GIF，共 4 张图片
2026-01-10 17:00:29,850 - INFO - 转换参数 - 每帧持续时间: 500ms, 尺寸比例: 28%
2026-01-10 17:00:30,485 - INFO - GIF转换完成，临时文件: C:\Users\pc\AppData\Local\Temp\tmpm3mdzerm.gif, 大小: 0.82 MB
2026-01-10 17:00:35,867 - INFO - 开始转换GIF，共 4 张图片
2026-01-10 17:00:35,868 - INFO - 转换参数 - 每帧持续时间: 500ms, 尺寸比例: 28%
2026-01-10 17:00:36,499 - INFO - GIF转换完成，临时文件: C:\Users\pc\AppData\Local\Temp\tmp5wscez0i.gif, 大小: 0.82 MB
2026-01-10 17:00:42,691 - INFO - 开始转换GIF，共 4 张图片
2026-01-10 17:00:42,695 - INFO - 转换参数 - 每帧持续时间: 500ms, 尺寸比例: 28%
2026-01-10 17:00:43,326 - INFO - GIF转换完成，临时文件: C:\Users\pc\AppData\Local\Temp\tmpsqonlyl8.gif, 大小: 0.82 MB
2026-01-10 17:00:57,632 - INFO - 开始转换GIF，共 4 张图片
2026-01-10 17:00:57,636 - INFO - 转换参数 - 每帧持续时间: 500ms, 尺寸比例: 28%
2026-01-10 17:00:58,257 - INFO - GIF转换完成，临时文件: C:\Users\pc\AppData\Local\Temp\tmpn02j8p19.gif, 大小: 0.82 MB
2026-01-10 17:01:07,558 - INFO - 开始转换GIF，共 4 张图片
2026-01-10 17:01:07,560 - INFO - 转换参数 - 每帧持续时间: 500ms, 尺寸比例: 28%
2026-01-10 17:01:08,180 - INFO - GIF转换完成，临时文件: C:\Users\pc\AppData\Local\Temp\tmpk3yeacrd.gif, 大小: 0.82 MB
2026-01-10 17:01:23,212 - INFO - 开始转换GIF，共 4 张图片
2026-01-10 17:01:23,215 - INFO - 转换参数 - 每帧持续时间: 500ms, 尺寸比例: 33%
2026-01-10 17:01:23,882 - INFO - GIF转换完成，临时文件: C:\Users\pc\AppData\Local\Temp\tmpa_f3hivb.gif, 大小: 1.04 MB
